2018-01-19 09:04:54,789 [Worker-8] INFO  o.e.m.c.i.e.AbstractTransferListenerAdapter - Downloaded http://repo.maven.apache.org/maven2/org/apache/maven/plugins/maven-failsafe-plugin/2.18/maven-failsafe-plugin-2.18.pom
2018-01-19 09:04:55,003 [Worker-8] INFO  o.e.m.c.i.l.LifecycleMappingFactory - Using org.maven.ide.eclipse.wtp.WarLifecycleMapping lifecycle mapping for MavenProject: com.psl:RoomBookFinalWar:0.0.1-SNAPSHOT @ C:\Users\Administrator\Downloads\technothon-master\RoomBookFinalWar\pom.xml.
2018-01-19 09:04:56,135 [Worker-8] INFO  o.e.m.c.i.e.AbstractTransferListenerAdapter - Downloaded http://repo.maven.apache.org/maven2/org/mockito/mockito-all/1.10.19/mockito-all-1.10.19.pom
2018-01-19 09:04:57,355 [Worker-8] INFO  o.e.m.c.i.e.AbstractTransferListenerAdapter - Downloaded http://repo.maven.apache.org/maven2/org/springframework/spring-test/4.0.5.RELEASE/spring-test-4.0.5.RELEASE.pom
2018-01-19 09:04:58,552 [Worker-8] INFO  o.e.m.c.i.e.AbstractTransferListenerAdapter - Downloaded http://repo.maven.apache.org/maven2/org/springframework/spring-context/3.1.0.RELEASE/spring-context-3.1.0.RELEASE.pom
2018-01-19 09:04:59,914 [Worker-8] INFO  o.e.m.c.i.e.AbstractTransferListenerAdapter - Downloaded http://repo.maven.apache.org/maven2/org/springframework/spring-aop/3.1.0.RELEASE/spring-aop-3.1.0.RELEASE.pom
2018-01-19 09:05:00,931 [Worker-8] INFO  o.e.m.c.i.e.AbstractTransferListenerAdapter - Downloaded http://repo.maven.apache.org/maven2/org/springframework/spring-webmvc/3.1.0.RELEASE/spring-webmvc-3.1.0.RELEASE.pom
2018-01-19 09:05:02,031 [Worker-8] INFO  o.e.m.c.i.e.AbstractTransferListenerAdapter - Downloaded http://repo.maven.apache.org/maven2/org/springframework/spring-web/3.1.0.RELEASE/spring-web-3.1.0.RELEASE.pom
2018-01-19 09:05:04,745 [Worker-8] INFO  o.e.m.c.i.e.AbstractTransferListenerAdapter - Downloaded http://repo.maven.apache.org/maven2/org/hamcrest/hamcrest-all/1.3/hamcrest-all-1.3.pom
2018-01-19 09:05:06,058 [Worker-8] INFO  o.e.m.c.i.e.AbstractTransferListenerAdapter - Downloaded http://repo.maven.apache.org/maven2/mysql/mysql-connector-java/5.1.36/mysql-connector-java-5.1.36.pom
2018-01-19 09:05:06,748 [Worker-5] INFO  o.e.m.c.i.l.LifecycleMappingFactory - Using org.maven.ide.eclipse.wtp.WarLifecycleMapping lifecycle mapping for MavenProject: com.psl:RoomBookFinalWar:0.0.1-SNAPSHOT @ C:\Users\Administrator\Downloads\technothon-master\RoomBookFinalWar\pom.xml.
2018-01-19 09:05:09,248 [Worker-5] INFO  o.e.m.c.i.l.LifecycleMappingFactory - Using org.maven.ide.eclipse.wtp.WarLifecycleMapping lifecycle mapping for MavenProject: com.psl:RoomBookFinalWar:0.0.1-SNAPSHOT @ C:\Users\Administrator\Downloads\technothon-master\RoomBookFinalWar\pom.xml.
2018-01-19 09:05:58,751 [Worker-21] INFO  o.e.m.c.i.p.ProjectConfigurationManager - Update started
2018-01-19 09:06:00,022 [Worker-21] INFO  o.e.m.c.i.e.AbstractTransferListenerAdapter - Downloaded http://repo.maven.apache.org/maven2/org/apache/maven/plugins/maven-failsafe-plugin/2.18/maven-failsafe-plugin-2.18.pom
2018-01-19 09:06:00,044 [Worker-21] INFO  o.e.m.c.i.l.LifecycleMappingFactory - Using org.maven.ide.eclipse.wtp.WarLifecycleMapping lifecycle mapping for MavenProject: com.psl:RoomBookFinalWar:0.0.1-SNAPSHOT @ C:\Users\Administrator\Downloads\technothon-master\RoomBookFinalWar\pom.xml.
2018-01-19 09:06:01,055 [Worker-21] INFO  o.e.m.c.i.e.AbstractTransferListenerAdapter - Downloaded http://repo.maven.apache.org/maven2/org/mockito/mockito-all/1.10.19/mockito-all-1.10.19.pom
2018-01-19 09:06:02,090 [Worker-21] INFO  o.e.m.c.i.e.AbstractTransferListenerAdapter - Downloaded http://repo.maven.apache.org/maven2/org/springframework/spring-test/4.0.5.RELEASE/spring-test-4.0.5.RELEASE.pom
2018-01-19 09:06:03,111 [Worker-21] INFO  o.e.m.c.i.e.AbstractTransferListenerAdapter - Downloaded http://repo.maven.apache.org/maven2/org/springframework/spring-context/3.1.0.RELEASE/spring-context-3.1.0.RELEASE.pom
2018-01-19 09:06:04,133 [Worker-21] INFO  o.e.m.c.i.e.AbstractTransferListenerAdapter - Downloaded http://repo.maven.apache.org/maven2/org/springframework/spring-aop/3.1.0.RELEASE/spring-aop-3.1.0.RELEASE.pom
2018-01-19 09:06:05,149 [Worker-21] INFO  o.e.m.c.i.e.AbstractTransferListenerAdapter - Downloaded http://repo.maven.apache.org/maven2/org/springframework/spring-webmvc/3.1.0.RELEASE/spring-webmvc-3.1.0.RELEASE.pom
2018-01-19 09:06:06,184 [Worker-21] INFO  o.e.m.c.i.e.AbstractTransferListenerAdapter - Downloaded http://repo.maven.apache.org/maven2/org/springframework/spring-web/3.1.0.RELEASE/spring-web-3.1.0.RELEASE.pom
2018-01-19 09:06:07,355 [Worker-21] INFO  o.e.m.c.i.e.AbstractTransferListenerAdapter - Downloaded http://repo.maven.apache.org/maven2/org/hamcrest/hamcrest-all/1.3/hamcrest-all-1.3.pom
2018-01-19 09:06:08,366 [Worker-21] INFO  o.e.m.c.i.e.AbstractTransferListenerAdapter - Downloaded http://repo.maven.apache.org/maven2/mysql/mysql-connector-java/5.1.36/mysql-connector-java-5.1.36.pom
2018-01-19 09:06:09,047 [Worker-21] INFO  o.e.m.c.i.p.ProjectConfigurationManager - Update completed: 10 sec
2018-01-19 09:12:24,911 [Worker-19] INFO  o.e.m.c.i.p.ProjectConfigurationManager - Update started
2018-01-19 09:12:26,186 [Worker-19] INFO  o.e.m.c.i.e.AbstractTransferListenerAdapter - Downloaded http://repo.maven.apache.org/maven2/org/apache/maven/plugins/maven-failsafe-plugin/2.18/maven-failsafe-plugin-2.18.pom
2018-01-19 09:12:26,205 [Worker-19] INFO  o.e.m.c.i.l.LifecycleMappingFactory - Using org.maven.ide.eclipse.wtp.WarLifecycleMapping lifecycle mapping for MavenProject: com.psl:RoomBookFinalWar:0.0.1-SNAPSHOT @ C:\Users\Administrator\Downloads\technothon-master\RoomBookFinalWar\pom.xml.
2018-01-19 09:12:27,224 [Worker-19] INFO  o.e.m.c.i.e.AbstractTransferListenerAdapter - Downloaded http://repo.maven.apache.org/maven2/org/mockito/mockito-all/1.10.19/mockito-all-1.10.19.pom
2018-01-19 09:12:28,266 [Worker-19] INFO  o.e.m.c.i.e.AbstractTransferListenerAdapter - Downloaded http://repo.maven.apache.org/maven2/org/springframework/spring-test/4.0.5.RELEASE/spring-test-4.0.5.RELEASE.pom
2018-01-19 09:12:29,290 [Worker-19] INFO  o.e.m.c.i.e.AbstractTransferListenerAdapter - Downloaded http://repo.maven.apache.org/maven2/org/springframework/spring-context/3.1.0.RELEASE/spring-context-3.1.0.RELEASE.pom
2018-01-19 09:12:30,312 [Worker-19] INFO  o.e.m.c.i.e.AbstractTransferListenerAdapter - Downloaded http://repo.maven.apache.org/maven2/org/springframework/spring-aop/3.1.0.RELEASE/spring-aop-3.1.0.RELEASE.pom
2018-01-19 09:12:31,334 [Worker-19] INFO  o.e.m.c.i.e.AbstractTransferListenerAdapter - Downloaded http://repo.maven.apache.org/maven2/org/springframework/spring-webmvc/3.1.0.RELEASE/spring-webmvc-3.1.0.RELEASE.pom
2018-01-19 09:12:32,355 [Worker-19] INFO  o.e.m.c.i.e.AbstractTransferListenerAdapter - Downloaded http://repo.maven.apache.org/maven2/org/springframework/spring-web/3.1.0.RELEASE/spring-web-3.1.0.RELEASE.pom
2018-01-19 09:12:33,491 [Worker-19] INFO  o.e.m.c.i.e.AbstractTransferListenerAdapter - Downloaded http://repo.maven.apache.org/maven2/org/hamcrest/hamcrest-all/1.3/hamcrest-all-1.3.pom
2018-01-19 09:12:34,521 [Worker-19] INFO  o.e.m.c.i.e.AbstractTransferListenerAdapter - Downloaded http://repo.maven.apache.org/maven2/mysql/mysql-connector-java/5.1.36/mysql-connector-java-5.1.36.pom
2018-01-19 09:12:35,378 [Worker-19] INFO  o.e.m.c.i.p.ProjectConfigurationManager - Update completed: 10 sec
2018-01-19 09:28:45,271 [Worker-31] INFO  o.e.m.c.i.e.AbstractTransferListenerAdapter - Downloading http://repo.maven.apache.org/maven2/org/apache/maven/plugins/maven-failsafe-plugin/2.18/maven-failsafe-plugin-2.18.pom
2018-01-19 09:28:45,789 [Worker-31] INFO  o.e.m.c.i.e.AbstractTransferListenerAdapter - Downloaded http://repo.maven.apache.org/maven2/org/apache/maven/plugins/maven-failsafe-plugin/2.18/maven-failsafe-plugin-2.18.pom
2018-01-19 09:28:46,141 [Worker-31] INFO  o.e.m.c.i.e.AbstractTransferListenerAdapter - Downloading http://repo.maven.apache.org/maven2/org/apache/maven/surefire/surefire/2.18/surefire-2.18.pom
2018-01-19 09:28:46,600 [Worker-31] INFO  o.e.m.c.i.e.AbstractTransferListenerAdapter - Downloaded http://repo.maven.apache.org/maven2/org/apache/maven/surefire/surefire/2.18/surefire-2.18.pom
2018-01-19 09:28:46,980 [Worker-31] INFO  o.e.m.c.i.e.AbstractTransferListenerAdapter - Downloading http://repo.maven.apache.org/maven2/org/apache/maven/maven-parent/25/maven-parent-25.pom
2018-01-19 09:28:47,508 [Worker-31] INFO  o.e.m.c.i.e.AbstractTransferListenerAdapter - Downloaded http://repo.maven.apache.org/maven2/org/apache/maven/maven-parent/25/maven-parent-25.pom
2018-01-19 09:28:47,642 [Worker-31] INFO  o.e.m.c.i.e.AbstractTransferListenerAdapter - Downloading http://repo.maven.apache.org/maven2/org/apache/apache/15/apache-15.pom
2018-01-19 09:28:47,884 [Worker-31] INFO  o.e.m.c.i.e.AbstractTransferListenerAdapter - Downloaded http://repo.maven.apache.org/maven2/org/apache/apache/15/apache-15.pom
2018-01-19 09:28:48,762 [Worker-31] INFO  o.e.m.c.i.e.AbstractTransferListenerAdapter - Downloading http://repo.maven.apache.org/maven2/org/apache/maven/plugins/maven-failsafe-plugin/2.18/maven-failsafe-plugin-2.18.jar
2018-01-19 09:28:49,388 [Worker-31] INFO  o.e.m.c.i.e.AbstractTransferListenerAdapter - Downloaded http://repo.maven.apache.org/maven2/org/apache/maven/plugins/maven-failsafe-plugin/2.18/maven-failsafe-plugin-2.18.jar
2018-01-19 09:28:51,464 [Worker-31] INFO  o.e.m.c.i.l.LifecycleMappingFactory - Using org.maven.ide.eclipse.wtp.WarLifecycleMapping lifecycle mapping for MavenProject: com.psl:RoomBookFinalWar:0.0.1-SNAPSHOT @ C:\Users\Administrator\Downloads\technothon-master\RoomBookFinalWar\pom.xml.
2018-01-19 09:28:51,611 [Worker-31] INFO  o.e.m.c.i.e.AbstractTransferListenerAdapter - Downloading http://repo.maven.apache.org/maven2/org/mockito/mockito-all/1.10.19/mockito-all-1.10.19.pom
2018-01-19 09:28:51,855 [Worker-31] INFO  o.e.m.c.i.e.AbstractTransferListenerAdapter - Downloaded http://repo.maven.apache.org/maven2/org/mockito/mockito-all/1.10.19/mockito-all-1.10.19.pom
2018-01-19 09:28:52,023 [Worker-31] INFO  o.e.m.c.i.e.AbstractTransferListenerAdapter - Downloading http://repo.maven.apache.org/maven2/org/springframework/spring-test/4.0.5.RELEASE/spring-test-4.0.5.RELEASE.pom
2018-01-19 09:28:52,264 [Worker-31] INFO  o.e.m.c.i.e.AbstractTransferListenerAdapter - Downloaded http://repo.maven.apache.org/maven2/org/springframework/spring-test/4.0.5.RELEASE/spring-test-4.0.5.RELEASE.pom
2018-01-19 09:28:52,400 [Worker-31] INFO  o.e.m.c.i.e.AbstractTransferListenerAdapter - Downloading http://repo.maven.apache.org/maven2/org/springframework/spring-core/4.0.5.RELEASE/spring-core-4.0.5.RELEASE.pom
2018-01-19 09:28:52,619 [Worker-31] INFO  o.e.m.c.i.e.AbstractTransferListenerAdapter - Downloaded http://repo.maven.apache.org/maven2/org/springframework/spring-core/4.0.5.RELEASE/spring-core-4.0.5.RELEASE.pom
2018-01-19 09:28:52,768 [Worker-31] INFO  o.e.m.c.i.e.AbstractTransferListenerAdapter - Downloading http://repo.maven.apache.org/maven2/commons-logging/commons-logging/1.1.3/commons-logging-1.1.3.pom
2018-01-19 09:28:53,001 [Worker-31] INFO  o.e.m.c.i.e.AbstractTransferListenerAdapter - Downloaded http://repo.maven.apache.org/maven2/commons-logging/commons-logging/1.1.3/commons-logging-1.1.3.pom
2018-01-19 09:28:53,182 [Worker-31] INFO  o.e.m.c.i.e.AbstractTransferListenerAdapter - Downloading http://repo.maven.apache.org/maven2/org/springframework/spring-context/3.1.0.RELEASE/spring-context-3.1.0.RELEASE.pom
2018-01-19 09:28:53,416 [Worker-31] INFO  o.e.m.c.i.e.AbstractTransferListenerAdapter - Downloaded http://repo.maven.apache.org/maven2/org/springframework/spring-context/3.1.0.RELEASE/spring-context-3.1.0.RELEASE.pom
2018-01-19 09:28:53,625 [Worker-31] INFO  o.e.m.c.i.e.AbstractTransferListenerAdapter - Downloading http://repo.maven.apache.org/maven2/org/springframework/spring-parent/3.1.0.RELEASE/spring-parent-3.1.0.RELEASE.pom
2018-01-19 09:28:53,846 [Worker-31] INFO  o.e.m.c.i.e.AbstractTransferListenerAdapter - Downloaded http://repo.maven.apache.org/maven2/org/springframework/spring-parent/3.1.0.RELEASE/spring-parent-3.1.0.RELEASE.pom
2018-01-19 09:28:53,989 [Worker-31] INFO  o.e.m.c.i.e.AbstractTransferListenerAdapter - Downloading http://repo.maven.apache.org/maven2/org/springframework/spring-aop/3.1.0.RELEASE/spring-aop-3.1.0.RELEASE.pom
2018-01-19 09:28:54,241 [Worker-31] INFO  o.e.m.c.i.e.AbstractTransferListenerAdapter - Downloaded http://repo.maven.apache.org/maven2/org/springframework/spring-aop/3.1.0.RELEASE/spring-aop-3.1.0.RELEASE.pom
2018-01-19 09:28:54,403 [Worker-31] INFO  o.e.m.c.i.e.AbstractTransferListenerAdapter - Downloading http://repo.maven.apache.org/maven2/aopalliance/aopalliance/1.0/aopalliance-1.0.pom
2018-01-19 09:28:54,642 [Worker-31] INFO  o.e.m.c.i.e.AbstractTransferListenerAdapter - Downloaded http://repo.maven.apache.org/maven2/aopalliance/aopalliance/1.0/aopalliance-1.0.pom
2018-01-19 09:28:54,767 [Worker-31] INFO  o.e.m.c.i.e.AbstractTransferListenerAdapter - Downloading http://repo.maven.apache.org/maven2/org/springframework/spring-asm/3.1.0.RELEASE/spring-asm-3.1.0.RELEASE.pom
2018-01-19 09:28:55,045 [Worker-31] INFO  o.e.m.c.i.e.AbstractTransferListenerAdapter - Downloaded http://repo.maven.apache.org/maven2/org/springframework/spring-asm/3.1.0.RELEASE/spring-asm-3.1.0.RELEASE.pom
2018-01-19 09:28:55,179 [Worker-31] INFO  o.e.m.c.i.e.AbstractTransferListenerAdapter - Downloading http://repo.maven.apache.org/maven2/org/springframework/spring-beans/3.1.0.RELEASE/spring-beans-3.1.0.RELEASE.pom
2018-01-19 09:28:55,416 [Worker-31] INFO  o.e.m.c.i.e.AbstractTransferListenerAdapter - Downloaded http://repo.maven.apache.org/maven2/org/springframework/spring-beans/3.1.0.RELEASE/spring-beans-3.1.0.RELEASE.pom
2018-01-19 09:28:55,539 [Worker-31] INFO  o.e.m.c.i.e.AbstractTransferListenerAdapter - Downloading http://repo.maven.apache.org/maven2/org/springframework/spring-core/3.1.0.RELEASE/spring-core-3.1.0.RELEASE.pom
2018-01-19 09:28:55,776 [Worker-31] INFO  o.e.m.c.i.e.AbstractTransferListenerAdapter - Downloaded http://repo.maven.apache.org/maven2/org/springframework/spring-core/3.1.0.RELEASE/spring-core-3.1.0.RELEASE.pom
2018-01-19 09:28:55,914 [Worker-31] INFO  o.e.m.c.i.e.AbstractTransferListenerAdapter - Downloading http://repo.maven.apache.org/maven2/commons-logging/commons-logging/1.1.1/commons-logging-1.1.1.pom
2018-01-19 09:28:56,164 [Worker-31] INFO  o.e.m.c.i.e.AbstractTransferListenerAdapter - Downloaded http://repo.maven.apache.org/maven2/commons-logging/commons-logging/1.1.1/commons-logging-1.1.1.pom
2018-01-19 09:28:56,614 [Worker-31] INFO  o.e.m.c.i.e.AbstractTransferListenerAdapter - Downloading http://repo.maven.apache.org/maven2/org/apache/commons/commons-parent/5/commons-parent-5.pom
2018-01-19 09:28:56,849 [Worker-31] INFO  o.e.m.c.i.e.AbstractTransferListenerAdapter - Downloaded http://repo.maven.apache.org/maven2/org/apache/commons/commons-parent/5/commons-parent-5.pom
2018-01-19 09:28:57,109 [Worker-31] INFO  o.e.m.c.i.e.AbstractTransferListenerAdapter - Downloading http://repo.maven.apache.org/maven2/org/springframework/spring-expression/3.1.0.RELEASE/spring-expression-3.1.0.RELEASE.pom
2018-01-19 09:28:57,363 [Worker-31] INFO  o.e.m.c.i.e.AbstractTransferListenerAdapter - Downloaded http://repo.maven.apache.org/maven2/org/springframework/spring-expression/3.1.0.RELEASE/spring-expression-3.1.0.RELEASE.pom
2018-01-19 09:28:57,497 [Worker-31] INFO  o.e.m.c.i.e.AbstractTransferListenerAdapter - Downloading http://repo.maven.apache.org/maven2/org/springframework/spring-webmvc/3.1.0.RELEASE/spring-webmvc-3.1.0.RELEASE.pom
2018-01-19 09:28:57,758 [Worker-31] INFO  o.e.m.c.i.e.AbstractTransferListenerAdapter - Downloaded http://repo.maven.apache.org/maven2/org/springframework/spring-webmvc/3.1.0.RELEASE/spring-webmvc-3.1.0.RELEASE.pom
2018-01-19 09:28:57,895 [Worker-31] INFO  o.e.m.c.i.e.AbstractTransferListenerAdapter - Downloading http://repo.maven.apache.org/maven2/org/springframework/spring-context-support/3.1.0.RELEASE/spring-context-support-3.1.0.RELEASE.pom
2018-01-19 09:28:58,134 [Worker-31] INFO  o.e.m.c.i.e.AbstractTransferListenerAdapter - Downloaded http://repo.maven.apache.org/maven2/org/springframework/spring-context-support/3.1.0.RELEASE/spring-context-support-3.1.0.RELEASE.pom
2018-01-19 09:28:58,264 [Worker-31] INFO  o.e.m.c.i.e.AbstractTransferListenerAdapter - Downloading http://repo.maven.apache.org/maven2/org/springframework/spring-web/3.1.0.RELEASE/spring-web-3.1.0.RELEASE.pom
2018-01-19 09:28:58,493 [Worker-31] INFO  o.e.m.c.i.e.AbstractTransferListenerAdapter - Downloaded http://repo.maven.apache.org/maven2/org/springframework/spring-web/3.1.0.RELEASE/spring-web-3.1.0.RELEASE.pom
2018-01-19 09:28:58,682 [Worker-31] INFO  o.e.m.c.i.e.AbstractTransferListenerAdapter - Downloading http://repo.maven.apache.org/maven2/org/hamcrest/hamcrest-all/1.3/hamcrest-all-1.3.pom
2018-01-19 09:28:58,912 [Worker-31] INFO  o.e.m.c.i.e.AbstractTransferListenerAdapter - Downloaded http://repo.maven.apache.org/maven2/org/hamcrest/hamcrest-all/1.3/hamcrest-all-1.3.pom
2018-01-19 09:28:59,070 [Worker-31] INFO  o.e.m.c.i.e.AbstractTransferListenerAdapter - Downloading http://repo.maven.apache.org/maven2/mysql/mysql-connector-java/5.1.36/mysql-connector-java-5.1.36.pom
2018-01-19 09:28:59,310 [Worker-31] INFO  o.e.m.c.i.e.AbstractTransferListenerAdapter - Downloaded http://repo.maven.apache.org/maven2/mysql/mysql-connector-java/5.1.36/mysql-connector-java-5.1.36.pom
2018-01-19 09:28:59,494 [Worker-31] INFO  o.e.m.c.i.e.AbstractTransferListenerAdapter - Downloading http://repo.maven.apache.org/maven2/org/mockito/mockito-all/1.10.19/mockito-all-1.10.19.jar
2018-01-19 09:28:59,753 [Worker-31] INFO  o.e.m.c.i.e.AbstractTransferListenerAdapter - Downloaded http://repo.maven.apache.org/maven2/org/mockito/mockito-all/1.10.19/mockito-all-1.10.19.jar
2018-01-19 09:28:59,875 [Worker-31] INFO  o.e.m.c.i.e.AbstractTransferListenerAdapter - Downloading http://repo.maven.apache.org/maven2/org/springframework/spring-test/4.0.5.RELEASE/spring-test-4.0.5.RELEASE.jar
2018-01-19 09:29:00,339 [Worker-31] INFO  o.e.m.c.i.e.AbstractTransferListenerAdapter - Downloaded http://repo.maven.apache.org/maven2/org/springframework/spring-test/4.0.5.RELEASE/spring-test-4.0.5.RELEASE.jar
2018-01-19 09:29:00,456 [Worker-31] INFO  o.e.m.c.i.e.AbstractTransferListenerAdapter - Downloading http://repo.maven.apache.org/maven2/org/springframework/spring-core/4.0.5.RELEASE/spring-core-4.0.5.RELEASE.jar
2018-01-19 09:29:00,714 [Worker-31] INFO  o.e.m.c.i.e.AbstractTransferListenerAdapter - Downloaded http://repo.maven.apache.org/maven2/org/springframework/spring-core/4.0.5.RELEASE/spring-core-4.0.5.RELEASE.jar
2018-01-19 09:29:00,822 [Worker-31] INFO  o.e.m.c.i.e.AbstractTransferListenerAdapter - Downloading http://repo.maven.apache.org/maven2/commons-logging/commons-logging/1.1.3/commons-logging-1.1.3.jar
2018-01-19 09:29:01,053 [Worker-31] INFO  o.e.m.c.i.e.AbstractTransferListenerAdapter - Downloaded http://repo.maven.apache.org/maven2/commons-logging/commons-logging/1.1.3/commons-logging-1.1.3.jar
2018-01-19 09:29:01,159 [Worker-31] INFO  o.e.m.c.i.e.AbstractTransferListenerAdapter - Downloading http://repo.maven.apache.org/maven2/org/springframework/spring-context/3.1.0.RELEASE/spring-context-3.1.0.RELEASE.jar
2018-01-19 09:29:01,460 [Worker-31] INFO  o.e.m.c.i.e.AbstractTransferListenerAdapter - Downloaded http://repo.maven.apache.org/maven2/org/springframework/spring-context/3.1.0.RELEASE/spring-context-3.1.0.RELEASE.jar
2018-01-19 09:29:01,571 [Worker-31] INFO  o.e.m.c.i.e.AbstractTransferListenerAdapter - Downloading http://repo.maven.apache.org/maven2/org/springframework/spring-beans/3.1.0.RELEASE/spring-beans-3.1.0.RELEASE.jar
2018-01-19 09:29:01,826 [Worker-31] INFO  o.e.m.c.i.e.AbstractTransferListenerAdapter - Downloaded http://repo.maven.apache.org/maven2/org/springframework/spring-beans/3.1.0.RELEASE/spring-beans-3.1.0.RELEASE.jar
2018-01-19 09:29:01,933 [Worker-31] INFO  o.e.m.c.i.e.AbstractTransferListenerAdapter - Downloading http://repo.maven.apache.org/maven2/org/springframework/spring-expression/3.1.0.RELEASE/spring-expression-3.1.0.RELEASE.jar
2018-01-19 09:29:02,181 [Worker-31] INFO  o.e.m.c.i.e.AbstractTransferListenerAdapter - Downloaded http://repo.maven.apache.org/maven2/org/springframework/spring-expression/3.1.0.RELEASE/spring-expression-3.1.0.RELEASE.jar
2018-01-19 09:29:02,301 [Worker-31] INFO  o.e.m.c.i.e.AbstractTransferListenerAdapter - Downloading http://repo.maven.apache.org/maven2/org/springframework/spring-asm/3.1.0.RELEASE/spring-asm-3.1.0.RELEASE.jar
2018-01-19 09:29:02,539 [Worker-31] INFO  o.e.m.c.i.e.AbstractTransferListenerAdapter - Downloaded http://repo.maven.apache.org/maven2/org/springframework/spring-asm/3.1.0.RELEASE/spring-asm-3.1.0.RELEASE.jar
2018-01-19 09:29:02,652 [Worker-31] INFO  o.e.m.c.i.e.AbstractTransferListenerAdapter - Downloading http://repo.maven.apache.org/maven2/org/springframework/spring-aop/3.1.0.RELEASE/spring-aop-3.1.0.RELEASE.jar
2018-01-19 09:29:02,892 [Worker-31] INFO  o.e.m.c.i.e.AbstractTransferListenerAdapter - Downloaded http://repo.maven.apache.org/maven2/org/springframework/spring-aop/3.1.0.RELEASE/spring-aop-3.1.0.RELEASE.jar
2018-01-19 09:29:03,003 [Worker-31] INFO  o.e.m.c.i.e.AbstractTransferListenerAdapter - Downloading http://repo.maven.apache.org/maven2/aopalliance/aopalliance/1.0/aopalliance-1.0.jar
2018-01-19 09:29:03,286 [Worker-31] INFO  o.e.m.c.i.e.AbstractTransferListenerAdapter - Downloaded http://repo.maven.apache.org/maven2/aopalliance/aopalliance/1.0/aopalliance-1.0.jar
2018-01-19 09:29:03,406 [Worker-31] INFO  o.e.m.c.i.e.AbstractTransferListenerAdapter - Downloading http://repo.maven.apache.org/maven2/org/springframework/spring-webmvc/3.1.0.RELEASE/spring-webmvc-3.1.0.RELEASE.jar
2018-01-19 09:29:03,659 [Worker-31] INFO  o.e.m.c.i.e.AbstractTransferListenerAdapter - Downloaded http://repo.maven.apache.org/maven2/org/springframework/spring-webmvc/3.1.0.RELEASE/spring-webmvc-3.1.0.RELEASE.jar
2018-01-19 09:29:03,766 [Worker-31] INFO  o.e.m.c.i.e.AbstractTransferListenerAdapter - Downloading http://repo.maven.apache.org/maven2/org/springframework/spring-context-support/3.1.0.RELEASE/spring-context-support-3.1.0.RELEASE.jar
2018-01-19 09:29:04,037 [Worker-31] INFO  o.e.m.c.i.e.AbstractTransferListenerAdapter - Downloaded http://repo.maven.apache.org/maven2/org/springframework/spring-context-support/3.1.0.RELEASE/spring-context-support-3.1.0.RELEASE.jar
2018-01-19 09:29:04,144 [Worker-31] INFO  o.e.m.c.i.e.AbstractTransferListenerAdapter - Downloading http://repo.maven.apache.org/maven2/org/springframework/spring-web/3.1.0.RELEASE/spring-web-3.1.0.RELEASE.jar
2018-01-19 09:29:04,438 [Worker-31] INFO  o.e.m.c.i.e.AbstractTransferListenerAdapter - Downloaded http://repo.maven.apache.org/maven2/org/springframework/spring-web/3.1.0.RELEASE/spring-web-3.1.0.RELEASE.jar
2018-01-19 09:29:04,567 [Worker-31] INFO  o.e.m.c.i.e.AbstractTransferListenerAdapter - Downloading http://repo.maven.apache.org/maven2/org/hamcrest/hamcrest-all/1.3/hamcrest-all-1.3.jar
2018-01-19 09:29:04,835 [Worker-31] INFO  o.e.m.c.i.e.AbstractTransferListenerAdapter - Downloaded http://repo.maven.apache.org/maven2/org/hamcrest/hamcrest-all/1.3/hamcrest-all-1.3.jar
2018-01-19 09:29:04,966 [Worker-31] INFO  o.e.m.c.i.e.AbstractTransferListenerAdapter - Downloading http://repo.maven.apache.org/maven2/mysql/mysql-connector-java/5.1.36/mysql-connector-java-5.1.36.jar
2018-01-19 09:29:05,270 [Worker-31] INFO  o.e.m.c.i.e.AbstractTransferListenerAdapter - Downloaded http://repo.maven.apache.org/maven2/mysql/mysql-connector-java/5.1.36/mysql-connector-java-5.1.36.jar
2018-01-19 09:29:09,450 [Worker-32] WARN  o.e.m.c.i.embedder.EclipseLogger - Using platform encoding (Cp1252 actually) to copy filtered resources, i.e. build is platform dependent!
2018-01-19 09:29:09,457 [Worker-32] INFO  o.e.m.c.i.embedder.EclipseLogger - Copying 0 resource
2018-01-19 09:29:09,463 [Worker-32] WARN  o.e.m.c.i.embedder.EclipseLogger - Using platform encoding (Cp1252 actually) to copy filtered resources, i.e. build is platform dependent!
2018-01-19 09:29:09,468 [Worker-32] INFO  o.e.m.c.i.embedder.EclipseLogger - skip non existing resourceDirectory C:\Users\Administrator\Downloads\technothon-master\RoomBookFinalWar\src\test\resources
2018-01-19 09:30:17,007 [Worker-33] INFO  o.e.m.c.i.p.ProjectConfigurationManager - Update started
2018-01-19 09:30:17,253 [Worker-33] INFO  o.e.m.c.i.l.LifecycleMappingFactory - Using org.maven.ide.eclipse.wtp.WarLifecycleMapping lifecycle mapping for MavenProject: com.psl:RoomBookFinalWar:0.0.1-SNAPSHOT @ C:\Users\Administrator\Downloads\technothon-master\RoomBookFinalWar\pom.xml.
2018-01-19 09:30:18,000 [Worker-33] INFO  o.e.m.j.i.AbstractJavaProjectConfigurator - Adding source folder /RoomBookFinalWar/src
2018-01-19 09:30:18,001 [Worker-33] INFO  o.e.m.j.i.AbstractJavaProjectConfigurator - Resources folder /RoomBookFinalWar/src overlaps with sources folder /RoomBookFinalWar/src
2018-01-19 09:30:18,002 [Worker-33] INFO  o.e.m.j.i.AbstractJavaProjectConfigurator - Adding source folder /RoomBookFinalWar/src/test/java
2018-01-19 09:30:21,515 [Worker-33] INFO  o.e.m.c.i.l.LifecycleMappingFactory - Using org.maven.ide.eclipse.wtp.WarLifecycleMapping lifecycle mapping for MavenProject: com.psl:RoomBookFinalWar:0.0.1-SNAPSHOT @ C:\Users\Administrator\Downloads\technothon-master\RoomBookFinalWar\pom.xml.
2018-01-19 09:30:22,562 [Worker-33] INFO  o.e.m.w.i.f.ResourceFilteringBuildParticipant - Cleaning filtered folder for RoomBookFinalWar
2018-01-19 09:30:22,736 [Worker-33] INFO  o.e.m.c.i.p.ProjectConfigurationManager - Update completed: 5 sec
2018-01-19 09:30:27,953 [Worker-37] WARN  o.e.m.c.i.embedder.EclipseLogger - Using platform encoding (Cp1252 actually) to copy filtered resources, i.e. build is platform dependent!
2018-01-19 09:30:27,981 [Worker-37] INFO  o.e.m.c.i.embedder.EclipseLogger - Copying 8 resources
2018-01-19 09:30:28,011 [Worker-37] WARN  o.e.m.c.i.embedder.EclipseLogger - Using platform encoding (Cp1252 actually) to copy filtered resources, i.e. build is platform dependent!
2018-01-19 09:30:28,019 [Worker-37] INFO  o.e.m.c.i.embedder.EclipseLogger - skip non existing resourceDirectory C:\Users\Administrator\Downloads\technothon-master\RoomBookFinalWar\src\test\resources
